<?xml version="1.0" encoding="UTF-8"?>
<!-- Generated by org.testng.reporters.JUnitXMLReporter -->
<testsuite ignored="0" hostname="DESKTOP-UE5CFQV" failures="0" tests="40" name="Default test" time="433.883" errors="0" timestamp="2025-02-19T14:52:09 IST">
  <testcase classname="RTE.RTEVER" name="test" time="13.023"/>
  <testcase classname="RTE.RTEVER" name="test" time="13.291"/>
  <testcase classname="RTE.RTEVER" name="test" time="11.432"/>
  <testcase classname="RTE.RTEVER" name="test" time="9.95"/>
  <testcase classname="RTE.RTEVER" name="test" time="11.82"/>
  <testcase classname="RTE.RTEVER" name="test" time="8.941"/>
  <testcase classname="RTE.RTEVER" name="test" time="9.163"/>
  <testcase classname="RTE.RTEVER" name="test" time="10.209"/>
  <testcase classname="RTE.RTEVER" name="test" time="10.956"/>
  <testcase classname="RTE.RTEVER" name="test" time="11.952"/>
  <testcase classname="RTE.RTEVER" name="test" time="7.733"/>
  <testcase classname="RTE.RTEVER" name="test" time="7.789"/>
  <testcase classname="RTE.RTEVER" name="test" time="8.627"/>
  <testcase classname="RTE.RTEVER" name="test" time="10.257"/>
  <testcase classname="RTE.RTEVER" name="test" time="8.57"/>
  <testcase classname="RTE.RTEVER" name="test" time="10.396"/>
  <testcase classname="RTE.RTEVER" name="test" time="9.397"/>
  <testcase classname="RTE.RTEVER" name="test" time="10.742"/>
  <testcase classname="RTE.RTEVER" name="test" time="14.934"/>
  <testcase classname="RTE.RTEVER" name="test" time="11.713"/>
  <testcase classname="RTE.RTEVER" name="test" time="14.408"/>
  <testcase classname="RTE.RTEVER" name="test" time="10.813"/>
  <testcase classname="RTE.RTEVER" name="test" time="10.1"/>
  <testcase classname="RTE.RTEVER" name="test" time="14.547"/>
  <testcase classname="RTE.RTEVER" name="test" time="11.286"/>
  <testcase classname="RTE.RTEVER" name="test" time="12.155"/>
  <testcase classname="RTE.RTEVER" name="test" time="11.996"/>
  <testcase classname="RTE.RTEVER" name="test" time="13.782"/>
  <testcase classname="RTE.RTEVER" name="test" time="9.639"/>
  <testcase classname="RTE.RTEVER" name="test" time="12.471"/>
  <testcase classname="RTE.RTEVER" name="test" time="10.843"/>
  <testcase classname="RTE.RTEVER" name="test" time="12.822"/>
  <testcase classname="RTE.RTEVER" name="test" time="16.526"/>
  <testcase classname="RTE.RTEVER" name="test" time="8.705"/>
  <testcase classname="RTE.RTEVER" name="test" time="10.727"/>
  <testcase classname="RTE.RTEVER" name="test" time="9.509"/>
  <testcase classname="RTE.RTEVER" name="test" time="7.475"/>
  <testcase classname="RTE.RTEVER" name="test" time="7.777"/>
  <testcase classname="RTE.RTEVER" name="test" time="7.78"/>
  <testcase classname="RTE.RTEVER" name="test" time="9.497"/>
</testsuite> <!-- Default test -->
